Unable to capture context for thread 6680 in process 10480, can not generate back trace
Unable to capture context for thread 2144 in process 10480, can not generate back trace
Exception at PC 0x00007FFB997CBB93
Printing stacktrace...

Exception at PC 0x00007FFBCD0F9E08
Exception at PC 0x00007FFBCD0F9E08
Exception at PC 0x00007FFBCD0F9E08
Exception at PC 0x00007FFBCD0F9E08
Exception at PC 0x00007FFBCD0F9E08
Exception at PC 0x00007FFBCD0F9E08
Exception at PC 0x00007FFBCD0F9E08
Exception at PC 0x00007FFBCD0F9E08
Exception at PC 0x00007FFBCD0F9E08
Exception at PC 0x00007FFBCD0F9E08
Exception at PC 0x00007FFBCD0F9E08
Exception at PC 0x00007FFBCD0F9E08
Exception at PC 0x00007FFBCD0F9E08
Exception at PC 0x00007FFBCD0F9E08
Exception at PC 0x00007FFBCD0F9E08
Exception at PC 0x00007FFBCD0F9E08
Exception at PC 0x00007FFBCD0F9E08
Exception at PC 0x00007FFBCD0F9E08
Exception at PC 0x00007FFBCD0F9E08
Exception at PC 0x00007FFBCD0F9E08
[0]  [0x00007FFB997CBB93]
[1]  [0x00007FFB997CBB93]
[2]  [0x00007FFB997CB4A1]
[3]  [0x00007FFB997CB3EF]
[4]  [0x00007FFB997B19FE]
[5]  [0x00007FFB997B0ED1]
[6]  [0x00007FFB997B0D76]
[7]  [0x00007FFB997579F6]
[8]  [0x00007FFB99747AFB]
[9]  [0x00007FFB9986E90A]
[10]  [0x00007FFB99889F87]
[11]  [0x00007FFB9988A05F]
[12] (BaseThreadInitThunk+0x14) [0x00007FFBCE212774]
[13] (RtlUserThreadStart+0x21) [0x00007FFBD08C0D51]
Done
