Copyright 1986-2016 Xilinx, Inc. All Rights Reserved.
------------------------------------------------------------------------------------
| Tool Version : Vivado v.2016.3 (win64) Build 1682563 Mon Oct 10 19:07:27 MDT 2016
| Date         : Fri Nov 24 11:14:44 2017
| Host         : DESKTOP-0A1358P running 64-bit major release  (build 9200)
| Command      : report_control_sets -verbose -file Top_control_sets_placed.rpt
| Design       : Top
| Device       : xc7a35t
------------------------------------------------------------------------------------

Control Set Information

Table of Contents
-----------------
1. Summary
2. Flip-Flop Distribution
3. Detailed Control Set Information

1. Summary
----------

+----------------------------------------------------------+-------+
|                          Status                          | Count |
+----------------------------------------------------------+-------+
| Number of unique control sets                            |   316 |
| Unused register locations in slices containing registers |  1012 |
+----------------------------------------------------------+-------+


2. Flip-Flop Distribution
-------------------------

+--------------+-----------------------+------------------------+-----------------+--------------+
| Clock Enable | Synchronous Set/Reset | Asynchronous Set/Reset | Total Registers | Total Slices |
+--------------+-----------------------+------------------------+-----------------+--------------+
| No           | No                    | No                     |              53 |           16 |
| No           | No                    | Yes                    |              16 |            7 |
| No           | Yes                   | No                     |               0 |            0 |
| Yes          | No                    | No                     |             488 |          310 |
| Yes          | No                    | Yes                    |             992 |          636 |
| Yes          | Yes                   | No                     |               7 |            2 |
+--------------+-----------------------+------------------------+-----------------+--------------+


3. Detailed Control Set Information
-----------------------------------

+--------------------------------+----------------------------------+----------------------------+------------------+----------------+
|          Clock Signal          |           Enable Signal          |      Set/Reset Signal      | Slice Load Count | Bel Load Count |
+--------------------------------+----------------------------------+----------------------------+------------------+----------------+
|  control_unit/ExtSel           |                                  |                            |                1 |              1 |
| ~bntr_a_BUFG                   | pc/regFile_reg[10][31][0]        | Display/regFile_reg[1][24] |                2 |              4 |
| ~bntr_a_BUFG                   | pc/regFile_reg[30][31][0]        | Display/regFile_reg[1][7]  |                4 |              4 |
| ~bntr_a_BUFG                   | pc/regFile_reg[30][31][0]        | Display/regFile_reg[1][8]  |                2 |              4 |
| ~bntr_a_BUFG                   | pc/regFile_reg[30][31][0]        | Display/regFile_reg[1][12] |                2 |              4 |
| ~bntr_a_BUFG                   | pc/regFile_reg[31][31]_0[0]      | Display/regFile_reg[1][16] |                2 |              4 |
| ~bntr_a_BUFG                   | pc/regFile_reg[31][31]_0[0]      | Display/regFile_reg[1][20] |                3 |              4 |
| ~bntr_a_BUFG                   | pc/regFile_reg[31][31]_0[0]      | Display/regFile_reg[1][24] |                4 |              4 |
| ~bntr_a_BUFG                   | pc/regFile_reg[31][31]_0[0]      | Display/regFile_reg[1][28] |                4 |              4 |
| ~bntr_a_BUFG                   | pc/regFile_reg[31][31]_0[0]      | Display/regFile_reg[1][3]  |                4 |              4 |
| ~bntr_a_BUFG                   | pc/regFile_reg[31][31]_0[0]      | Display/regFile_reg[1][7]  |                4 |              4 |
| ~bntr_a_BUFG                   | pc/regFile_reg[31][31]_0[0]      | Display/regFile_reg[1][8]  |                3 |              4 |
| ~bntr_a_BUFG                   | pc/regFile_reg[31][31]_0[0]      | Display/regFile_reg[1][12] |                4 |              4 |
| ~bntr_a_BUFG                   | pc/regFile_reg[3][31][0]         | Display/regFile_reg[1][16] |                1 |              4 |
| ~bntr_a_BUFG                   | pc/regFile_reg[3][31][0]         | Display/regFile_reg[1][20] |                3 |              4 |
| ~bntr_a_BUFG                   | pc/regFile_reg[3][31][0]         | Display/regFile_reg[1][24] |                3 |              4 |
| ~bntr_a_BUFG                   | pc/regFile_reg[3][31][0]         | Display/regFile_reg[1][28] |                3 |              4 |
| ~bntr_a_BUFG                   | pc/regFile_reg[3][31][0]         | Display/regFile_reg[1][3]  |                2 |              4 |
| ~bntr_a_BUFG                   | pc/regFile_reg[3][31][0]         | Display/regFile_reg[1][7]  |                4 |              4 |
| ~bntr_a_BUFG                   | pc/regFile_reg[3][31][0]         | Display/regFile_reg[1][8]  |                3 |              4 |
| ~bntr_a_BUFG                   | pc/regFile_reg[3][31][0]         | Display/regFile_reg[1][12] |                2 |              4 |
| ~bntr_a_BUFG                   | pc/regFile_reg[4][31][0]         | Display/regFile_reg[1][16] |                3 |              4 |
| ~bntr_a_BUFG                   | pc/regFile_reg[4][31][0]         | Display/regFile_reg[1][20] |                3 |              4 |
| ~bntr_a_BUFG                   | pc/regFile_reg[4][31][0]         | Display/regFile_reg[1][24] |                4 |              4 |
| ~bntr_a_BUFG                   | pc/regFile_reg[4][31][0]         | Display/regFile_reg[1][28] |                3 |              4 |
| ~bntr_a_BUFG                   | pc/regFile_reg[4][31][0]         | Display/regFile_reg[1][3]  |                2 |              4 |
| ~bntr_a_BUFG                   | pc/regFile_reg[4][31][0]         | Display/regFile_reg[1][7]  |                3 |              4 |
| ~bntr_a_BUFG                   | pc/regFile_reg[4][31][0]         | Display/regFile_reg[1][8]  |                3 |              4 |
| ~bntr_a_BUFG                   | pc/regFile_reg[4][31][0]         | Display/regFile_reg[1][12] |                2 |              4 |
| ~bntr_a_BUFG                   | pc/regFile_reg[5][31][0]         | Display/regFile_reg[1][20] |                4 |              4 |
| ~bntr_a_BUFG                   | pc/regFile_reg[5][31][0]         | Display/regFile_reg[1][24] |                2 |              4 |
| ~bntr_a_BUFG                   | pc/regFile_reg[5][31][0]         | Display/regFile_reg[1][28] |                3 |              4 |
| ~bntr_a_BUFG                   | pc/regFile_reg[5][31][0]         | Display/regFile_reg[1][3]  |                3 |              4 |
| ~bntr_a_BUFG                   | pc/regFile_reg[5][31][0]         | Display/regFile_reg[1][7]  |                3 |              4 |
| ~bntr_a_BUFG                   | pc/regFile_reg[5][31][0]         | Display/regFile_reg[1][8]  |                3 |              4 |
| ~bntr_a_BUFG                   | pc/regFile_reg[5][31][0]         | Display/regFile_reg[1][12] |                3 |              4 |
| ~bntr_a_BUFG                   | pc/regFile_reg[6][31][0]         | Display/regFile_reg[1][16] |                4 |              4 |
| ~bntr_a_BUFG                   | pc/regFile_reg[6][31][0]         | Display/regFile_reg[1][20] |                3 |              4 |
| ~bntr_a_BUFG                   | pc/regFile_reg[6][31][0]         | Display/regFile_reg[1][24] |                4 |              4 |
| ~bntr_a_BUFG                   | pc/regFile_reg[20][31][0]        | Display/regFile_reg[1][24] |                2 |              4 |
| ~bntr_a_BUFG                   | pc/regFile_reg[6][31][0]         | Display/regFile_reg[1][28] |                4 |              4 |
| ~bntr_a_BUFG                   | pc/regFile_reg[6][31][0]         | Display/regFile_reg[1][3]  |                4 |              4 |
| ~bntr_a_BUFG                   | pc/regFile_reg[6][31][0]         | Display/regFile_reg[1][7]  |                3 |              4 |
| ~bntr_a_BUFG                   | pc/regFile_reg[6][31][0]         | Display/regFile_reg[1][8]  |                1 |              4 |
| ~bntr_a_BUFG                   | pc/regFile_reg[6][31][0]         | Display/regFile_reg[1][12] |                3 |              4 |
| ~bntr_a_BUFG                   | pc/regFile_reg[7][31][0]         | Display/regFile_reg[1][16] |                1 |              4 |
| ~bntr_a_BUFG                   | pc/regFile_reg[7][31][0]         | Display/regFile_reg[1][20] |                2 |              4 |
| ~bntr_a_BUFG                   | pc/regFile_reg[7][31][0]         | Display/regFile_reg[1][24] |                4 |              4 |
| ~bntr_a_BUFG                   | pc/regFile_reg[7][31][0]         | Display/regFile_reg[1][28] |                3 |              4 |
| ~bntr_a_BUFG                   | pc/regFile_reg[7][31][0]         | Display/regFile_reg[1][3]  |                3 |              4 |
| ~bntr_a_BUFG                   | pc/regFile_reg[7][31][0]         | Display/regFile_reg[1][7]  |                4 |              4 |
| ~bntr_a_BUFG                   | pc/regFile_reg[7][31][0]         | Display/regFile_reg[1][8]  |                4 |              4 |
| ~bntr_a_BUFG                   | pc/regFile_reg[7][31][0]         | Display/regFile_reg[1][12] |                3 |              4 |
| ~bntr_a_BUFG                   | pc/regFile_reg[8][31][0]         | Display/regFile_reg[1][16] |                1 |              4 |
| ~bntr_a_BUFG                   | pc/regFile_reg[8][31][0]         | Display/regFile_reg[1][20] |                3 |              4 |
| ~bntr_a_BUFG                   | pc/regFile_reg[8][31][0]         | Display/regFile_reg[1][24] |                4 |              4 |
| ~bntr_a_BUFG                   | pc/regFile_reg[8][31][0]         | Display/regFile_reg[1][28] |                4 |              4 |
| ~bntr_a_BUFG                   | pc/regFile_reg[8][31][0]         | Display/regFile_reg[1][3]  |                4 |              4 |
| ~bntr_a_BUFG                   | pc/regFile_reg[8][31][0]         | Display/regFile_reg[1][7]  |                4 |              4 |
| ~bntr_a_BUFG                   | pc/regFile_reg[8][31][0]         | Display/regFile_reg[1][8]  |                4 |              4 |
| ~bntr_a_BUFG                   | pc/regFile_reg[8][31][0]         | Display/regFile_reg[1][12] |                3 |              4 |
| ~bntr_a_BUFG                   | pc/regFile_reg[9][31][0]         | Display/regFile_reg[1][16] |                4 |              4 |
| ~bntr_a_BUFG                   | pc/regFile_reg[9][31][0]         | Display/regFile_reg[1][20] |                4 |              4 |
| ~bntr_a_BUFG                   | pc/regFile_reg[9][31][0]         | Display/regFile_reg[1][24] |                3 |              4 |
| ~bntr_a_BUFG                   | pc/regFile_reg[9][31][0]         | Display/regFile_reg[1][28] |                3 |              4 |
| ~bntr_a_BUFG                   | pc/regFile_reg[9][31][0]         | Display/regFile_reg[1][3]  |                3 |              4 |
| ~bntr_a_BUFG                   | pc/regFile_reg[9][31][0]         | Display/regFile_reg[1][7]  |                4 |              4 |
| ~bntr_a_BUFG                   | pc/regFile_reg[9][31][0]         | Display/regFile_reg[1][8]  |                3 |              4 |
| ~bntr_a_BUFG                   | pc/E[0]                          | Display/regFile_reg[1][16] |                2 |              4 |
| ~bntr_a_BUFG                   | pc/E[0]                          | Display/regFile_reg[1][20] |                2 |              4 |
| ~bntr_a_BUFG                   | pc/E[0]                          | Display/regFile_reg[1][24] |                2 |              4 |
| ~bntr_a_BUFG                   | pc/E[0]                          | Display/regFile_reg[1][28] |                2 |              4 |
| ~bntr_a_BUFG                   | pc/E[0]                          | Display/regFile_reg[1][3]  |                2 |              4 |
| ~bntr_a_BUFG                   | pc/E[0]                          | Display/regFile_reg[1][7]  |                4 |              4 |
| ~bntr_a_BUFG                   | pc/E[0]                          | Display/regFile_reg[1][8]  |                3 |              4 |
| ~bntr_a_BUFG                   | pc/E[0]                          | Display/regFile_reg[1][12] |                3 |              4 |
| ~bntr_a_BUFG                   | pc/regFile_reg[10][31][0]        | Display/regFile_reg[1][16] |                2 |              4 |
| ~bntr_a_BUFG                   | pc/regFile_reg[10][31][0]        | Display/regFile_reg[1][20] |                2 |              4 |
| ~bntr_a_BUFG                   | pc/regFile_reg[9][31][0]         | Display/regFile_reg[1][12] |                2 |              4 |
| ~bntr_a_BUFG                   | pc/regFile_reg[10][31][0]        | Display/regFile_reg[1][28] |                2 |              4 |
| ~bntr_a_BUFG                   | pc/regFile_reg[10][31][0]        | Display/regFile_reg[1][3]  |                3 |              4 |
| ~bntr_a_BUFG                   | pc/regFile_reg[10][31][0]        | Display/regFile_reg[1][7]  |                3 |              4 |
| ~bntr_a_BUFG                   | pc/regFile_reg[10][31][0]        | Display/regFile_reg[1][8]  |                2 |              4 |
| ~bntr_a_BUFG                   | pc/regFile_reg[10][31][0]        | Display/regFile_reg[1][12] |                2 |              4 |
| ~bntr_a_BUFG                   | pc/regFile_reg[11][31][0]        | Display/regFile_reg[1][16] |                1 |              4 |
| ~bntr_a_BUFG                   | pc/regFile_reg[11][31][0]        | Display/regFile_reg[1][20] |                2 |              4 |
| ~bntr_a_BUFG                   | pc/regFile_reg[11][31][0]        | Display/regFile_reg[1][24] |                3 |              4 |
| ~bntr_a_BUFG                   | pc/regFile_reg[11][31][0]        | Display/regFile_reg[1][28] |                2 |              4 |
| ~bntr_a_BUFG                   | pc/regFile_reg[11][31][0]        | Display/regFile_reg[1][3]  |                3 |              4 |
| ~bntr_a_BUFG                   | pc/regFile_reg[11][31][0]        | Display/regFile_reg[1][7]  |                3 |              4 |
| ~bntr_a_BUFG                   | pc/regFile_reg[11][31][0]        | Display/regFile_reg[1][8]  |                1 |              4 |
| ~bntr_a_BUFG                   | pc/regFile_reg[11][31][0]        | Display/regFile_reg[1][12] |                1 |              4 |
| ~bntr_a_BUFG                   | pc/regFile_reg[12][31][0]        | Display/regFile_reg[1][16] |                4 |              4 |
| ~bntr_a_BUFG                   | pc/regFile_reg[12][31][0]        | Display/regFile_reg[1][20] |                2 |              4 |
| ~bntr_a_BUFG                   | pc/regFile_reg[12][31][0]        | Display/regFile_reg[1][24] |                3 |              4 |
| ~bntr_a_BUFG                   | pc/regFile_reg[12][31][0]        | Display/regFile_reg[1][28] |                2 |              4 |
| ~bntr_a_BUFG                   | pc/regFile_reg[12][31][0]        | Display/regFile_reg[1][3]  |                2 |              4 |
| ~bntr_a_BUFG                   | pc/regFile_reg[12][31][0]        | Display/regFile_reg[1][7]  |                3 |              4 |
| ~bntr_a_BUFG                   | pc/regFile_reg[12][31][0]        | Display/regFile_reg[1][8]  |                2 |              4 |
| ~bntr_a_BUFG                   | pc/regFile_reg[12][31][0]        | Display/regFile_reg[1][12] |                2 |              4 |
| ~bntr_a_BUFG                   | pc/regFile_reg[13][31][0]        | Display/regFile_reg[1][16] |                2 |              4 |
| ~bntr_a_BUFG                   | pc/regFile_reg[13][31][0]        | Display/regFile_reg[1][20] |                2 |              4 |
| ~bntr_a_BUFG                   | pc/regFile_reg[13][31][0]        | Display/regFile_reg[1][24] |                4 |              4 |
| ~bntr_a_BUFG                   | pc/regFile_reg[13][31][0]        | Display/regFile_reg[1][28] |                2 |              4 |
| ~bntr_a_BUFG                   | pc/regFile_reg[13][31][0]        | Display/regFile_reg[1][3]  |                2 |              4 |
| ~bntr_a_BUFG                   | pc/regFile_reg[13][31][0]        | Display/regFile_reg[1][7]  |                3 |              4 |
| ~bntr_a_BUFG                   | pc/regFile_reg[13][31][0]        | Display/regFile_reg[1][8]  |                2 |              4 |
| ~bntr_a_BUFG                   | pc/regFile_reg[13][31][0]        | Display/regFile_reg[1][12] |                2 |              4 |
| ~bntr_a_BUFG                   | pc/regFile_reg[14][31][0]        | Display/regFile_reg[1][16] |                1 |              4 |
| ~bntr_a_BUFG                   | pc/regFile_reg[14][31][0]        | Display/regFile_reg[1][20] |                3 |              4 |
| ~bntr_a_BUFG                   | pc/regFile_reg[14][31][0]        | Display/regFile_reg[1][24] |                3 |              4 |
| ~bntr_a_BUFG                   | pc/regFile_reg[14][31][0]        | Display/regFile_reg[1][28] |                2 |              4 |
| ~bntr_a_BUFG                   | pc/regFile_reg[14][31][0]        | Display/regFile_reg[1][3]  |                2 |              4 |
| ~bntr_a_BUFG                   | pc/regFile_reg[14][31][0]        | Display/regFile_reg[1][7]  |                2 |              4 |
| ~bntr_a_BUFG                   | pc/regFile_reg[14][31][0]        | Display/regFile_reg[1][8]  |                3 |              4 |
| ~bntr_a_BUFG                   | pc/regFile_reg[14][31][0]        | Display/regFile_reg[1][12] |                4 |              4 |
| ~bntr_a_BUFG                   | pc/regFile_reg[15][31][0]        | Display/regFile_reg[1][16] |                1 |              4 |
| ~bntr_a_BUFG                   | pc/regFile_reg[15][31][0]        | Display/regFile_reg[1][20] |                2 |              4 |
| ~bntr_a_BUFG                   | pc/regFile_reg[15][31][0]        | Display/regFile_reg[1][24] |                3 |              4 |
| ~bntr_a_BUFG                   | pc/regFile_reg[15][31][0]        | Display/regFile_reg[1][28] |                2 |              4 |
| ~bntr_a_BUFG                   | pc/regFile_reg[15][31][0]        | Display/regFile_reg[1][3]  |                2 |              4 |
| ~bntr_a_BUFG                   | pc/regFile_reg[15][31][0]        | Display/regFile_reg[1][7]  |                2 |              4 |
| ~bntr_a_BUFG                   | pc/regFile_reg[15][31][0]        | Display/regFile_reg[1][8]  |                2 |              4 |
| ~bntr_a_BUFG                   | pc/regFile_reg[15][31][0]        | Display/regFile_reg[1][12] |                3 |              4 |
| ~bntr_a_BUFG                   | pc/regFile_reg[16][31][0]        | Display/regFile_reg[1][16] |                2 |              4 |
| ~bntr_a_BUFG                   | pc/regFile_reg[16][31][0]        | Display/regFile_reg[1][20] |                2 |              4 |
| ~bntr_a_BUFG                   | pc/regFile_reg[16][31][0]        | Display/regFile_reg[1][24] |                2 |              4 |
| ~bntr_a_BUFG                   | pc/regFile_reg[16][31][0]        | Display/regFile_reg[1][28] |                2 |              4 |
| ~bntr_a_BUFG                   | pc/regFile_reg[16][31][0]        | Display/regFile_reg[1][3]  |                2 |              4 |
| ~bntr_a_BUFG                   | pc/regFile_reg[16][31][0]        | Display/regFile_reg[1][7]  |                4 |              4 |
| ~bntr_a_BUFG                   | pc/regFile_reg[16][31][0]        | Display/regFile_reg[1][8]  |                1 |              4 |
| ~bntr_a_BUFG                   | pc/regFile_reg[16][31][0]        | Display/regFile_reg[1][12] |                2 |              4 |
| ~bntr_a_BUFG                   | pc/regFile_reg[17][31][0]        | Display/regFile_reg[1][16] |                3 |              4 |
| ~bntr_a_BUFG                   | pc/regFile_reg[17][31][0]        | Display/regFile_reg[1][20] |                2 |              4 |
| ~bntr_a_BUFG                   | pc/regFile_reg[17][31][0]        | Display/regFile_reg[1][24] |                3 |              4 |
| ~bntr_a_BUFG                   | pc/regFile_reg[17][31][0]        | Display/regFile_reg[1][28] |                2 |              4 |
| ~bntr_a_BUFG                   | pc/regFile_reg[17][31][0]        | Display/regFile_reg[1][3]  |                3 |              4 |
| ~bntr_a_BUFG                   | pc/regFile_reg[17][31][0]        | Display/regFile_reg[1][7]  |                4 |              4 |
| ~bntr_a_BUFG                   | pc/regFile_reg[17][31][0]        | Display/regFile_reg[1][8]  |                3 |              4 |
| ~bntr_a_BUFG                   | pc/regFile_reg[17][31][0]        | Display/regFile_reg[1][12] |                3 |              4 |
| ~bntr_a_BUFG                   | pc/regFile_reg[18][31][0]        | Display/regFile_reg[1][16] |                1 |              4 |
| ~bntr_a_BUFG                   | pc/regFile_reg[18][31][0]        | Display/regFile_reg[1][20] |                1 |              4 |
| ~bntr_a_BUFG                   | pc/regFile_reg[18][31][0]        | Display/regFile_reg[1][24] |                2 |              4 |
| ~bntr_a_BUFG                   | pc/regFile_reg[18][31][0]        | Display/regFile_reg[1][28] |                2 |              4 |
| ~bntr_a_BUFG                   | pc/regFile_reg[18][31][0]        | Display/regFile_reg[1][3]  |                3 |              4 |
| ~bntr_a_BUFG                   | pc/regFile_reg[18][31][0]        | Display/regFile_reg[1][7]  |                4 |              4 |
| ~bntr_a_BUFG                   | pc/regFile_reg[18][31][0]        | Display/regFile_reg[1][8]  |                1 |              4 |
| ~bntr_a_BUFG                   | pc/regFile_reg[18][31][0]        | Display/regFile_reg[1][12] |                1 |              4 |
| ~bntr_a_BUFG                   | pc/regFile_reg[19][31][0]        | Display/regFile_reg[1][16] |                1 |              4 |
| ~bntr_a_BUFG                   | pc/regFile_reg[19][31][0]        | Display/regFile_reg[1][20] |                2 |              4 |
| ~bntr_a_BUFG                   | pc/regFile_reg[19][31][0]        | Display/regFile_reg[1][24] |                2 |              4 |
| ~bntr_a_BUFG                   | pc/regFile_reg[19][31][0]        | Display/regFile_reg[1][28] |                2 |              4 |
| ~bntr_a_BUFG                   | pc/regFile_reg[19][31][0]        | Display/regFile_reg[1][3]  |                4 |              4 |
| ~bntr_a_BUFG                   | pc/regFile_reg[19][31][0]        | Display/regFile_reg[1][7]  |                4 |              4 |
| ~bntr_a_BUFG                   | pc/regFile_reg[19][31][0]        | Display/regFile_reg[1][8]  |                3 |              4 |
| ~bntr_a_BUFG                   | pc/regFile_reg[19][31][0]        | Display/regFile_reg[1][12] |                3 |              4 |
| ~bntr_a_BUFG                   | pc/regFile_reg[20][31][0]        | Display/regFile_reg[1][16] |                2 |              4 |
| ~bntr_a_BUFG                   | pc/regFile_reg[20][31][0]        | Display/regFile_reg[1][20] |                2 |              4 |
| ~bntr_a_BUFG                   | pc/regFile_reg[5][31][0]         | Display/regFile_reg[1][16] |                3 |              4 |
| ~bntr_a_BUFG                   | pc/regFile_reg[20][31][0]        | Display/regFile_reg[1][28] |                2 |              4 |
| ~bntr_a_BUFG                   | pc/regFile_reg[20][31][0]        | Display/regFile_reg[1][3]  |                3 |              4 |
| ~bntr_a_BUFG                   | pc/regFile_reg[20][31][0]        | Display/regFile_reg[1][7]  |                4 |              4 |
| ~bntr_a_BUFG                   | pc/regFile_reg[20][31][0]        | Display/regFile_reg[1][8]  |                1 |              4 |
| ~bntr_a_BUFG                   | pc/regFile_reg[20][31][0]        | Display/regFile_reg[1][12] |                1 |              4 |
| ~bntr_a_BUFG                   | pc/regFile_reg[21][31][0]        | Display/regFile_reg[1][16] |                3 |              4 |
| ~bntr_a_BUFG                   | pc/regFile_reg[21][31][0]        | Display/regFile_reg[1][20] |                2 |              4 |
| ~bntr_a_BUFG                   | pc/regFile_reg[21][31][0]        | Display/regFile_reg[1][24] |                2 |              4 |
| ~bntr_a_BUFG                   | pc/regFile_reg[21][31][0]        | Display/regFile_reg[1][28] |                2 |              4 |
| ~bntr_a_BUFG                   | pc/regFile_reg[21][31][0]        | Display/regFile_reg[1][3]  |                3 |              4 |
| ~bntr_a_BUFG                   | pc/regFile_reg[21][31][0]        | Display/regFile_reg[1][7]  |                4 |              4 |
| ~bntr_a_BUFG                   | pc/regFile_reg[21][31][0]        | Display/regFile_reg[1][8]  |                1 |              4 |
| ~bntr_a_BUFG                   | pc/regFile_reg[21][31][0]        | Display/regFile_reg[1][12] |                1 |              4 |
| ~bntr_a_BUFG                   | pc/regFile_reg[22][31][0]        | Display/regFile_reg[1][16] |                1 |              4 |
| ~bntr_a_BUFG                   | pc/regFile_reg[22][31][0]        | Display/regFile_reg[1][20] |                2 |              4 |
| ~bntr_a_BUFG                   | pc/regFile_reg[22][31][0]        | Display/regFile_reg[1][24] |                3 |              4 |
| ~bntr_a_BUFG                   | pc/regFile_reg[22][31][0]        | Display/regFile_reg[1][28] |                2 |              4 |
| ~bntr_a_BUFG                   | pc/regFile_reg[22][31][0]        | Display/regFile_reg[1][3]  |                2 |              4 |
| ~bntr_a_BUFG                   | pc/regFile_reg[22][31][0]        | Display/regFile_reg[1][7]  |                4 |              4 |
| ~bntr_a_BUFG                   | pc/regFile_reg[22][31][0]        | Display/regFile_reg[1][8]  |                1 |              4 |
| ~bntr_a_BUFG                   | pc/regFile_reg[22][31][0]        | Display/regFile_reg[1][12] |                2 |              4 |
| ~bntr_a_BUFG                   | pc/regFile_reg[23][31][0]        | Display/regFile_reg[1][16] |                3 |              4 |
| ~bntr_a_BUFG                   | pc/regFile_reg[23][31][0]        | Display/regFile_reg[1][20] |                2 |              4 |
| ~bntr_a_BUFG                   | pc/regFile_reg[23][31][0]        | Display/regFile_reg[1][24] |                2 |              4 |
| ~bntr_a_BUFG                   | pc/regFile_reg[23][31][0]        | Display/regFile_reg[1][28] |                2 |              4 |
| ~bntr_a_BUFG                   | pc/regFile_reg[23][31][0]        | Display/regFile_reg[1][3]  |                4 |              4 |
| ~bntr_a_BUFG                   | pc/regFile_reg[23][31][0]        | Display/regFile_reg[1][7]  |                4 |              4 |
| ~bntr_a_BUFG                   | pc/regFile_reg[23][31][0]        | Display/regFile_reg[1][8]  |                1 |              4 |
| ~bntr_a_BUFG                   | pc/regFile_reg[23][31][0]        | Display/regFile_reg[1][12] |                1 |              4 |
| ~bntr_a_BUFG                   | pc/regFile_reg[24][31][0]        | Display/regFile_reg[1][16] |                2 |              4 |
| ~bntr_a_BUFG                   | pc/regFile_reg[24][31][0]        | Display/regFile_reg[1][20] |                2 |              4 |
| ~bntr_a_BUFG                   | pc/regFile_reg[24][31][0]        | Display/regFile_reg[1][24] |                2 |              4 |
| ~bntr_a_BUFG                   | pc/regFile_reg[24][31][0]        | Display/regFile_reg[1][28] |                2 |              4 |
| ~bntr_a_BUFG                   | pc/regFile_reg[24][31][0]        | Display/regFile_reg[1][3]  |                2 |              4 |
| ~bntr_a_BUFG                   | pc/regFile_reg[24][31][0]        | Display/regFile_reg[1][7]  |                4 |              4 |
| ~bntr_a_BUFG                   | pc/regFile_reg[24][31][0]        | Display/regFile_reg[1][8]  |                3 |              4 |
| ~bntr_a_BUFG                   | pc/regFile_reg[24][31][0]        | Display/regFile_reg[1][12] |                1 |              4 |
| ~bntr_a_BUFG                   | pc/regFile_reg[25][31][0]        | Display/regFile_reg[1][16] |                1 |              4 |
| ~bntr_a_BUFG                   | pc/regFile_reg[25][31][0]        | Display/regFile_reg[1][20] |                3 |              4 |
| ~bntr_a_BUFG                   | pc/regFile_reg[25][31][0]        | Display/regFile_reg[1][24] |                2 |              4 |
| ~bntr_a_BUFG                   | pc/regFile_reg[25][31][0]        | Display/regFile_reg[1][28] |                2 |              4 |
| ~bntr_a_BUFG                   | pc/regFile_reg[25][31][0]        | Display/regFile_reg[1][3]  |                4 |              4 |
| ~bntr_a_BUFG                   | pc/regFile_reg[25][31][0]        | Display/regFile_reg[1][7]  |                4 |              4 |
| ~bntr_a_BUFG                   | pc/regFile_reg[25][31][0]        | Display/regFile_reg[1][8]  |                1 |              4 |
| ~bntr_a_BUFG                   | pc/regFile_reg[25][31][0]        | Display/regFile_reg[1][12] |                2 |              4 |
| ~bntr_a_BUFG                   | pc/regFile_reg[26][31][0]        | Display/regFile_reg[1][16] |                2 |              4 |
| ~bntr_a_BUFG                   | pc/regFile_reg[26][31][0]        | Display/regFile_reg[1][20] |                3 |              4 |
| ~bntr_a_BUFG                   | pc/regFile_reg[26][31][0]        | Display/regFile_reg[1][24] |                2 |              4 |
| ~bntr_a_BUFG                   | pc/regFile_reg[26][31][0]        | Display/regFile_reg[1][28] |                3 |              4 |
| ~bntr_a_BUFG                   | pc/regFile_reg[26][31][0]        | Display/regFile_reg[1][3]  |                2 |              4 |
| ~bntr_a_BUFG                   | pc/regFile_reg[26][31][0]        | Display/regFile_reg[1][7]  |                4 |              4 |
| ~bntr_a_BUFG                   | pc/regFile_reg[26][31][0]        | Display/regFile_reg[1][8]  |                1 |              4 |
| ~bntr_a_BUFG                   | pc/regFile_reg[26][31][0]        | Display/regFile_reg[1][12] |                3 |              4 |
| ~bntr_a_BUFG                   | pc/regFile_reg[27][31][0]        | Display/regFile_reg[1][16] |                3 |              4 |
| ~bntr_a_BUFG                   | pc/regFile_reg[27][31][0]        | Display/regFile_reg[1][20] |                2 |              4 |
| ~bntr_a_BUFG                   | pc/regFile_reg[27][31][0]        | Display/regFile_reg[1][24] |                3 |              4 |
| ~bntr_a_BUFG                   | pc/regFile_reg[27][31][0]        | Display/regFile_reg[1][28] |                2 |              4 |
| ~bntr_a_BUFG                   | pc/regFile_reg[27][31][0]        | Display/regFile_reg[1][3]  |                2 |              4 |
| ~bntr_a_BUFG                   | pc/regFile_reg[27][31][0]        | Display/regFile_reg[1][7]  |                4 |              4 |
| ~bntr_a_BUFG                   | pc/regFile_reg[27][31][0]        | Display/regFile_reg[1][8]  |                4 |              4 |
| ~bntr_a_BUFG                   | pc/regFile_reg[27][31][0]        | Display/regFile_reg[1][12] |                1 |              4 |
| ~bntr_a_BUFG                   | pc/regFile_reg[28][31][0]        | Display/regFile_reg[1][16] |                3 |              4 |
| ~bntr_a_BUFG                   | pc/regFile_reg[28][31][0]        | Display/regFile_reg[1][20] |                3 |              4 |
| ~bntr_a_BUFG                   | pc/regFile_reg[28][31][0]        | Display/regFile_reg[1][24] |                3 |              4 |
| ~bntr_a_BUFG                   | pc/regFile_reg[28][31][0]        | Display/regFile_reg[1][28] |                2 |              4 |
| ~bntr_a_BUFG                   | pc/regFile_reg[28][31][0]        | Display/regFile_reg[1][3]  |                3 |              4 |
| ~bntr_a_BUFG                   | pc/regFile_reg[28][31][0]        | Display/regFile_reg[1][7]  |                4 |              4 |
| ~bntr_a_BUFG                   | pc/regFile_reg[28][31][0]        | Display/regFile_reg[1][8]  |                2 |              4 |
| ~bntr_a_BUFG                   | pc/regFile_reg[28][31][0]        | Display/regFile_reg[1][12] |                3 |              4 |
| ~bntr_a_BUFG                   | pc/regFile_reg[29][31][0]        | Display/regFile_reg[1][16] |                1 |              4 |
| ~bntr_a_BUFG                   | pc/regFile_reg[29][31][0]        | Display/regFile_reg[1][20] |                1 |              4 |
| ~bntr_a_BUFG                   | pc/regFile_reg[29][31][0]        | Display/regFile_reg[1][24] |                2 |              4 |
| ~bntr_a_BUFG                   | pc/regFile_reg[29][31][0]        | Display/regFile_reg[1][28] |                3 |              4 |
| ~bntr_a_BUFG                   | pc/regFile_reg[29][31][0]        | Display/regFile_reg[1][3]  |                3 |              4 |
| ~bntr_a_BUFG                   | pc/regFile_reg[29][31][0]        | Display/regFile_reg[1][7]  |                4 |              4 |
| ~bntr_a_BUFG                   | pc/regFile_reg[29][31][0]        | Display/regFile_reg[1][8]  |                4 |              4 |
| ~bntr_a_BUFG                   | pc/regFile_reg[29][31][0]        | Display/regFile_reg[1][12] |                1 |              4 |
| ~bntr_a_BUFG                   | pc/regFile_reg[2][31][0]         | Display/regFile_reg[1][16] |                4 |              4 |
| ~bntr_a_BUFG                   | pc/regFile_reg[2][31][0]         | Display/regFile_reg[1][20] |                2 |              4 |
| ~bntr_a_BUFG                   | pc/regFile_reg[2][31][0]         | Display/regFile_reg[1][24] |                2 |              4 |
| ~bntr_a_BUFG                   | pc/regFile_reg[2][31][0]         | Display/regFile_reg[1][28] |                2 |              4 |
| ~bntr_a_BUFG                   | pc/regFile_reg[2][31][0]         | Display/regFile_reg[1][3]  |                2 |              4 |
| ~bntr_a_BUFG                   | pc/regFile_reg[2][31][0]         | Display/regFile_reg[1][7]  |                3 |              4 |
| ~bntr_a_BUFG                   | pc/regFile_reg[2][31][0]         | Display/regFile_reg[1][8]  |                2 |              4 |
| ~bntr_a_BUFG                   | pc/regFile_reg[2][31][0]         | Display/regFile_reg[1][12] |                4 |              4 |
| ~bntr_a_BUFG                   | pc/regFile_reg[30][31][0]        | Display/regFile_reg[1][16] |                2 |              4 |
| ~bntr_a_BUFG                   | pc/regFile_reg[30][31][0]        | Display/regFile_reg[1][20] |                2 |              4 |
| ~bntr_a_BUFG                   | pc/regFile_reg[30][31][0]        | Display/regFile_reg[1][24] |                2 |              4 |
| ~bntr_a_BUFG                   | pc/regFile_reg[30][31][0]        | Display/regFile_reg[1][28] |                2 |              4 |
| ~bntr_a_BUFG                   | pc/regFile_reg[30][31][0]        | Display/regFile_reg[1][3]  |                3 |              4 |
|  bntr_a_BUFG                   | control_unit/E[0]                | Reset_IBUF                 |                2 |              7 |
|  control_unit/o_pc_reg[7]_1[0] |                                  |                            |                2 |              7 |
| ~bntr_a_BUFG                   | control_unit/ram_reg[12][0][0]   |                            |                6 |              8 |
| ~bntr_a_BUFG                   | control_unit/ram_reg[8][0][0]    |                            |                5 |              8 |
| ~bntr_a_BUFG                   | control_unit/ram_reg[9][0][0]    |                            |                6 |              8 |
| ~bntr_a_BUFG                   | control_unit/ram_reg[0][0][0]    |                            |                6 |              8 |
| ~bntr_a_BUFG                   | control_unit/ram_reg[10][0][0]   |                            |                4 |              8 |
| ~bntr_a_BUFG                   | control_unit/ram_reg[11][0][0]   |                            |                5 |              8 |
| ~bntr_a_BUFG                   | control_unit/ram_reg[1][0][0]    |                            |                5 |              8 |
| ~bntr_a_BUFG                   | control_unit/ram_reg[13][0][0]   |                            |                6 |              8 |
| ~bntr_a_BUFG                   | control_unit/ram_reg[14][0][0]   |                            |                4 |              8 |
| ~bntr_a_BUFG                   | control_unit/ram_reg[15][0][0]   |                            |                5 |              8 |
| ~bntr_a_BUFG                   | control_unit/ram_reg[16][0][0]   |                            |                5 |              8 |
| ~bntr_a_BUFG                   | control_unit/ram_reg[17][0][0]   |                            |                5 |              8 |
| ~bntr_a_BUFG                   | control_unit/ram_reg[18][0][0]   |                            |                5 |              8 |
| ~bntr_a_BUFG                   | control_unit/ram_reg[19][0][0]   |                            |                5 |              8 |
| ~bntr_a_BUFG                   | control_unit/ram_reg[39][0][0]   |                            |                4 |              8 |
| ~bntr_a_BUFG                   | control_unit/ram_reg[20][0][0]   |                            |                5 |              8 |
| ~bntr_a_BUFG                   | control_unit/ram_reg[21][0][0]   |                            |                5 |              8 |
| ~bntr_a_BUFG                   | control_unit/ram_reg[22][0][0]   |                            |                5 |              8 |
| ~bntr_a_BUFG                   | control_unit/ram_reg[23][0][0]   |                            |                5 |              8 |
| ~bntr_a_BUFG                   | control_unit/ram_reg[24][0][0]   |                            |                5 |              8 |
| ~bntr_a_BUFG                   | control_unit/ram_reg[25][0][0]   |                            |                6 |              8 |
| ~bntr_a_BUFG                   | control_unit/ram_reg[26][0][0]   |                            |                5 |              8 |
| ~bntr_a_BUFG                   | control_unit/ram_reg[27][0][0]   |                            |                6 |              8 |
| ~bntr_a_BUFG                   | control_unit/ram_reg[28][0][0]   |                            |                5 |              8 |
| ~bntr_a_BUFG                   | control_unit/ram_reg[29][0][0]   |                            |                5 |              8 |
| ~bntr_a_BUFG                   | control_unit/ram_reg[2][0]_3[0]  |                            |                5 |              8 |
| ~bntr_a_BUFG                   | control_unit/ram_reg[30][0][0]   |                            |                5 |              8 |
| ~bntr_a_BUFG                   | control_unit/ram_reg[31][0][0]   |                            |                5 |              8 |
| ~bntr_a_BUFG                   | control_unit/ram_reg[32][0][0]   |                            |                6 |              8 |
| ~bntr_a_BUFG                   | control_unit/ram_reg[33][0][0]   |                            |                5 |              8 |
| ~bntr_a_BUFG                   | control_unit/ram_reg[34][0][0]   |                            |                5 |              8 |
| ~bntr_a_BUFG                   | control_unit/ram_reg[35][0][0]   |                            |                4 |              8 |
| ~bntr_a_BUFG                   | control_unit/ram_reg[36][0][0]   |                            |                5 |              8 |
| ~bntr_a_BUFG                   | control_unit/ram_reg[37][0][0]   |                            |                4 |              8 |
| ~bntr_a_BUFG                   | control_unit/ram_reg[38][0][0]   |                            |                5 |              8 |
| ~bntr_a_BUFG                   | control_unit/ram_reg[3][0][0]    |                            |                5 |              8 |
| ~bntr_a_BUFG                   | control_unit/ram_reg[40][0][0]   |                            |                5 |              8 |
| ~bntr_a_BUFG                   | control_unit/ram_reg[41][0][0]   |                            |                6 |              8 |
| ~bntr_a_BUFG                   | control_unit/ram_reg[42][0][0]   |                            |                4 |              8 |
| ~bntr_a_BUFG                   | control_unit/ram_reg[43][0][0]   |                            |                5 |              8 |
| ~bntr_a_BUFG                   | control_unit/ram_reg[44][0][0]   |                            |                4 |              8 |
| ~bntr_a_BUFG                   | control_unit/ram_reg[45][0]_0[0] |                            |                3 |              8 |
| ~bntr_a_BUFG                   | control_unit/ram_reg[46][0][0]   |                            |                5 |              8 |
| ~bntr_a_BUFG                   | control_unit/ram_reg[47][0][0]   |                            |                6 |              8 |
| ~bntr_a_BUFG                   | control_unit/ram_reg[48][0][0]   |                            |                4 |              8 |
| ~bntr_a_BUFG                   | control_unit/ram_reg[49][0][0]   |                            |                6 |              8 |
| ~bntr_a_BUFG                   | control_unit/ram_reg[4][0][0]    |                            |                6 |              8 |
| ~bntr_a_BUFG                   | control_unit/ram_reg[50][0][0]   |                            |                6 |              8 |
| ~bntr_a_BUFG                   | control_unit/ram_reg[51][0][0]   |                            |                5 |              8 |
| ~bntr_a_BUFG                   | control_unit/ram_reg[52][0]_2[0] |                            |                4 |              8 |
| ~bntr_a_BUFG                   | control_unit/ram_reg[53][0][0]   |                            |                5 |              8 |
| ~bntr_a_BUFG                   | control_unit/ram_reg[54][0][0]   |                            |                5 |              8 |
| ~bntr_a_BUFG                   | control_unit/ram_reg[55][0][0]   |                            |                6 |              8 |
| ~bntr_a_BUFG                   | control_unit/ram_reg[56][0][0]   |                            |                5 |              8 |
| ~bntr_a_BUFG                   | control_unit/ram_reg[57][0][0]   |                            |                6 |              8 |
| ~bntr_a_BUFG                   | control_unit/ram_reg[58][0][0]   |                            |                6 |              8 |
| ~bntr_a_BUFG                   | control_unit/ram_reg[59][0][0]   |                            |                5 |              8 |
| ~bntr_a_BUFG                   | control_unit/ram_reg[5][0][0]    |                            |                5 |              8 |
| ~bntr_a_BUFG                   | control_unit/ram_reg[60][0][0]   |                            |                5 |              8 |
| ~bntr_a_BUFG                   | control_unit/ram_reg[6][0][0]    |                            |                4 |              8 |
| ~bntr_a_BUFG                   | control_unit/ram_reg[7][0][0]    |                            |                7 |              8 |
|  clock/out[0]                  |                                  |                            |                4 |             11 |
|  pc/o_pc_reg[7]_11             |                                  |                            |                4 |             15 |
|  clock/out[0]                  |                                  | Display/data[15]_i_2_n_0   |                7 |             16 |
|  CLK_IBUF_BUFG                 |                                  |                            |                5 |             19 |
+--------------------------------+----------------------------------+----------------------------+------------------+----------------+


+--------+-----------------------+
| Fanout | Number of ControlSets |
+--------+-----------------------+
| 1      |                     1 |
| 4      |                   248 |
| 7      |                     2 |
| 8      |                    61 |
| 11     |                     1 |
| 15     |                     1 |
| 16+    |                     2 |
+--------+-----------------------+


