#-----------------------------------------------------------
# Vivado v2016.3 (64-bit)
# SW Build 1682563 on Mon Oct 10 19:07:27 MDT 2016
# IP Build 1681267 on Mon Oct 10 21:28:31 MDT 2016
# Start of session at: Thu Dec 21 16:46:49 2017
# Process ID: 2148
# Current directory: C:/Users/ASROCK/Desktop/mips_cpu_32_mul/mips_cpu_32_mul
# Command line: vivado.exe -gui_launcher_event rodinguilauncherevent8392 C:\Users\ASROCK\Desktop\mips_cpu_32_mul\mips_cpu_32_mul\mips_cpu_32_mul.xpr
# Log file: C:/Users/ASROCK/Desktop/mips_cpu_32_mul/mips_cpu_32_mul/vivado.log
# Journal file: C:/Users/ASROCK/Desktop/mips_cpu_32_mul/mips_cpu_32_mul\vivado.jou
#-----------------------------------------------------------
start_gui
open_project C:/Users/ASROCK/Desktop/mips_cpu_32_mul/mips_cpu_32_mul/mips_cpu_32_mul.xpr
CRITICAL WARNING: [Project 1-19] Could not find the file 'C:/Users/ASROCK/Desktop/mips_cpu_32_basys/mips_cpu_32.srcs/sources_1/new/Basys3.v'.
Scanning sources...
Finished scanning sources
WARNING: [filemgmt 56-3] IP Output Repository Path: Could not find the directory 'C:/Users/ASROCK/Desktop/mips_cpu_32_mul/mips_cpu_32_mul/mips_cpu_32_mul.cache/ip'.
INFO: [IP_Flow 19-234] Refreshing IP repositories
INFO: [IP_Flow 19-1704] No user IP repositories specified
INFO: [IP_Flow 19-2313] Loaded Vivado IP repository 'D:/vivado/Vivado/2016.3/data/ip'.
open_project: Time (s): cpu = 00:00:14 ; elapsed = 00:00:16 . Memory (MB): peak = 838.223 ; gain = 165.477
add_files -norecurse C:/Users/ASROCK/Desktop/mips_cpu_32_mul/mips_cpu_32_mul/mips_cpu_32_mul.srcs/sources_1/new/Basys3.v
remove_files  C:/Users/ASROCK/Desktop/mips_cpu_32_basys/mips_cpu_32.srcs/sources_1/new/Basys3.v
exit
INFO: [Common 17-206] Exiting Vivado at Thu Dec 21 17:48:12 2017...
