Copyright 1986-2016 Xilinx, Inc. All Rights Reserved.
----------------------------------------------------------------------------------------------------------------------------------------
| Tool Version     : Vivado v.2016.3 (win64) Build 1682563 Mon Oct 10 19:07:27 MDT 2016
| Date             : Tue Dec 19 15:18:37 2017
| Host             : DESKTOP-H0DV5R6 running 64-bit major release  (build 9200)
| Command          : report_power -file Basys3_power_routed.rpt -pb Basys3_power_summary_routed.pb -rpx Basys3_power_routed.rpx
| Design           : Basys3
| Device           : xc7a35tcpg236-1
| Design State     : routed
| Grade            : commercial
| Process          : typical
| Characterization : Production
----------------------------------------------------------------------------------------------------------------------------------------

Power Report

Table of Contents
-----------------
1. Summary
1.1 On-Chip Components
1.2 Power Supply Summary
1.3 Confidence Level
2. Settings
2.1 Environment
2.2 Clock Constraints
3. Detailed Reports
3.1 By Hierarchy

1. Summary
----------

+--------------------------+----------------------------------+
| Total On-Chip Power (W)  | 76.305 (Junction temp exceeded!) |
| Dynamic (W)              | 75.819                           |
| Device Static (W)        | 0.486                            |
| Effective TJA (C/W)      | 5.0                              |
| Max Ambient (C)          | 0.0                              |
| Junction Temperature (C) | 125.0                            |
| Confidence Level         | Low                              |
| Setting File             | ---                              |
| Simulation Activity File | ---                              |
| Design Nets Matched      | NA                               |
+--------------------------+----------------------------------+


1.1 On-Chip Components
----------------------

+--------------------------+-----------+----------+-----------+-----------------+
| On-Chip                  | Power (W) | Used     | Available | Utilization (%) |
+--------------------------+-----------+----------+-----------+-----------------+
| Slice Logic              |    24.047 |     4167 |       --- |             --- |
|   LUT as Logic           |    22.835 |     2494 |     20800 |           11.99 |
|   F7/F8 Muxes            |     0.409 |      197 |     32600 |            0.60 |
|   CARRY4                 |     0.344 |       68 |      8150 |            0.83 |
|   LUT as Distributed RAM |     0.274 |       48 |      9600 |            0.50 |
|   Register               |     0.168 |      813 |     41600 |            1.95 |
|   BUFG                   |     0.017 |        5 |        32 |           15.63 |
|   Others                 |     0.000 |       24 |       --- |             --- |
| Signals                  |    30.698 |     3594 |       --- |             --- |
| I/O                      |    21.074 |       18 |       106 |           16.98 |
| Static Power             |     0.486 |          |           |                 |
| Total                    |    76.305 |          |           |                 |
+--------------------------+-----------+----------+-----------+-----------------+


1.2 Power Supply Summary
------------------------

+-----------+-------------+-----------+-------------+------------+
| Source    | Voltage (V) | Total (A) | Dynamic (A) | Static (A) |
+-----------+-------------+-----------+-------------+------------+
| Vccint    |       1.000 |    55.101 |      54.760 |      0.341 |
| Vccaux    |       1.800 |     0.825 |       0.772 |      0.053 |
| Vcco33    |       3.300 |     5.961 |       5.960 |      0.001 |
| Vcco25    |       2.500 |     0.000 |       0.000 |      0.000 |
| Vcco18    |       1.800 |     0.000 |       0.000 |      0.000 |
| Vcco15    |       1.500 |     0.000 |       0.000 |      0.000 |
| Vcco135   |       1.350 |     0.000 |       0.000 |      0.000 |
| Vcco12    |       1.200 |     0.000 |       0.000 |      0.000 |
| Vccaux_io |       1.800 |     0.000 |       0.000 |      0.000 |
| Vccbram   |       1.000 |     0.010 |       0.000 |      0.010 |
| MGTAVcc   |       1.000 |     0.000 |       0.000 |      0.000 |
| MGTAVtt   |       1.200 |     0.000 |       0.000 |      0.000 |
| Vccadc    |       1.800 |     0.020 |       0.000 |      0.020 |
+-----------+-------------+-----------+-------------+------------+


1.3 Confidence Level
--------------------

+-----------------------------+------------+--------------------------------------------------------+--------------------------------------------------------------------------------------------------------------------+
| User Input Data             | Confidence | Details                                                | Action                                                                                                             |
+-----------------------------+------------+--------------------------------------------------------+--------------------------------------------------------------------------------------------------------------------+
| Design implementation state | High       | Design is routed                                       |                                                                                                                    |
| Clock nodes activity        | Low        | User specified less than 75% of clocks                 | Provide missing clock activity with a constraint file, simulation results or by editing the "By Clock Domain" view |
| I/O nodes activity          | Low        | More than 75% of inputs are missing user specification | Provide missing input activity with simulation results or by editing the "By Resource Type -> I/Os" view           |
| Internal nodes activity     | Medium     | User specified less than 25% of internal nodes         | Provide missing internal nodes activity with simulation results or by editing the "By Resource Type" views         |
| Device models               | High       | Device models are Production                           |                                                                                                                    |
|                             |            |                                                        |                                                                                                                    |
| Overall confidence level    | Low        |                                                        |                                                                                                                    |
+-----------------------------+------------+--------------------------------------------------------+--------------------------------------------------------------------------------------------------------------------+


2. Settings
-----------

2.1 Environment
---------------

+-----------------------+--------------------------+
| Ambient Temp (C)      | 25.0                     |
| ThetaJA (C/W)         | 5.0                      |
| Airflow (LFM)         | 250                      |
| Heat Sink             | medium (Medium Profile)  |
| ThetaSA (C/W)         | 4.6                      |
| Board Selection       | medium (10"x10")         |
| # of Board Layers     | 12to15 (12 to 15 Layers) |
| Board Temperature (C) | 25.0                     |
+-----------------------+--------------------------+


2.2 Clock Constraints
---------------------

+-------+--------+-----------------+
| Clock | Domain | Constraint (ns) |
+-------+--------+-----------------+


3. Detailed Reports
-------------------

3.1 By Hierarchy
----------------

+----------------------------------+-----------+
| Name                             | Power (W) |
+----------------------------------+-----------+
| Basys3                           |    75.819 |
|   Button                         |     0.020 |
|   CLK_div                        |     0.063 |
|   Display_out                    |     0.448 |
|     led_7                        |     0.164 |
|   Top                            |    54.151 |
|     ADR                          |     0.541 |
|     ALUM2DR                      |     0.436 |
|     ALUout                       |    12.737 |
|     BDR                          |    12.879 |
|     _ALU                         |     0.263 |
|     _Add_4                       |     0.362 |
|     _Add_AB                      |     0.181 |
|     _CtrlUnit                    |     0.398 |
|     _DataMem                     |    17.709 |
|     _IR                          |     5.511 |
|     _Mux2                        |    <0.001 |
|     _PC                          |     2.021 |
|     _RegFile                     |     0.551 |
|       register_reg_r1_0_31_0_5   |     0.061 |
|       register_reg_r1_0_31_12_17 |     0.039 |
|       register_reg_r1_0_31_18_23 |     0.044 |
|       register_reg_r1_0_31_24_29 |     0.040 |
|       register_reg_r1_0_31_30_31 |     0.015 |
|       register_reg_r1_0_31_6_11  |     0.050 |
|       register_reg_r2_0_31_0_5   |     0.062 |
|       register_reg_r2_0_31_12_17 |     0.057 |
|       register_reg_r2_0_31_18_23 |     0.061 |
|       register_reg_r2_0_31_24_29 |     0.054 |
|       register_reg_r2_0_31_30_31 |     0.018 |
|       register_reg_r2_0_31_6_11  |     0.049 |
+----------------------------------+-----------+


