#-----------------------------------------------------------
# Vivado v2016.3 (64-bit)
# SW Build 1682563 on Mon Oct 10 19:07:27 MDT 2016
# IP Build 1681267 on Mon Oct 10 21:28:31 MDT 2016
# Start of session at: Thu Dec 21 19:22:59 2017
# Process ID: 8756
# Current directory: C:/Users/DELL/Desktop/ECOP-16337281-03
# Command line: vivado.exe -gui_launcher_event rodinguilauncherevent9580 C:\Users\DELL\Desktop\ECOP-16337281-03\ECOP-16337281-03.xpr
# Log file: C:/Users/DELL/Desktop/ECOP-16337281-03/vivado.log
# Journal file: C:/Users/DELL/Desktop/ECOP-16337281-03\vivado.jou
#-----------------------------------------------------------
start_gui
open_project C:/Users/DELL/Desktop/ECOP-16337281-03/ECOP-16337281-03.xpr
Scanning sources...
Finished scanning sources
WARNING: [filemgmt 56-3] IP Output Repository Path: Could not find the directory 'C:/Users/DELL/Desktop/ECOP-16337281-03/ECOP-16337281-03.cache/ip'.
INFO: [IP_Flow 19-234] Refreshing IP repositories
INFO: [IP_Flow 19-1704] No user IP repositories specified
INFO: [IP_Flow 19-2313] Loaded Vivado IP repository 'E:/vivado/Vivado/2016.3/data/ip'.
exit
INFO: [Common 17-206] Exiting Vivado at Thu Dec 21 21:20:12 2017...
