#-----------------------------------------------------------
# Vivado v2016.3 (64-bit)
# SW Build 1682563 on Mon Oct 10 19:07:27 MDT 2016
# IP Build 1681267 on Mon Oct 10 21:28:31 MDT 2016
# Start of session at: Tue Dec 19 14:58:02 2017
# Process ID: 8300
# Current directory: C:/Users/ASROCK/Desktop/mips_cpu_32_mul/mips_cpu_32_mul
# Command line: vivado.exe -gui_launcher_event rodinguilauncherevent1664 C:\Users\ASROCK\Desktop\mips_cpu_32_mul\mips_cpu_32_mul\mips_cpu_32_mul.xpr
# Log file: C:/Users/ASROCK/Desktop/mips_cpu_32_mul/mips_cpu_32_mul/vivado.log
# Journal file: C:/Users/ASROCK/Desktop/mips_cpu_32_mul/mips_cpu_32_mul\vivado.jou
#-----------------------------------------------------------
start_gui
open_project C:/Users/ASROCK/Desktop/mips_cpu_32_mul/mips_cpu_32_mul/mips_cpu_32_mul.xpr
CRITICAL WARNING: [Project 1-19] Could not find the file 'C:/Users/ASROCK/Desktop/mips_cpu_32_basys/mips_cpu_32.srcs/sources_1/new/Basys3.v'.
Scanning sources...
Finished scanning sources
WARNING: [filemgmt 56-3] IP Output Repository Path: Could not find the directory 'C:/Users/ASROCK/Desktop/mips_cpu_32_mul/mips_cpu_32_mul/mips_cpu_32_mul.cache/ip'.
INFO: [IP_Flow 19-234] Refreshing IP repositories
INFO: [IP_Flow 19-1704] No user IP repositories specified
INFO: [IP_Flow 19-2313] Loaded Vivado IP repository 'D:/vivado/Vivado/2016.3/data/ip'.
open_project: Time (s): cpu = 00:00:10 ; elapsed = 00:00:05 . Memory (MB): peak = 845.762 ; gain = 153.211
add_files -norecurse C:/Users/ASROCK/Desktop/mips_cpu_32_mul/mips_cpu_32_mul/mips_cpu_32_mul.srcs/sources_1/new/Basys3.v
reset_run synth_1
launch_runs impl_1
[Tue Dec 19 15:07:25 2017] Launched synth_1...
Run output will be captured here: C:/Users/ASROCK/Desktop/mips_cpu_32_mul/mips_cpu_32_mul/mips_cpu_32_mul.runs/synth_1/runme.log
[Tue Dec 19 15:07:25 2017] Launched impl_1...
Run output will be captured here: C:/Users/ASROCK/Desktop/mips_cpu_32_mul/mips_cpu_32_mul/mips_cpu_32_mul.runs/impl_1/runme.log
reset_run synth_1
launch_runs impl_1
[Tue Dec 19 15:14:53 2017] Launched synth_1...
Run output will be captured here: C:/Users/ASROCK/Desktop/mips_cpu_32_mul/mips_cpu_32_mul/mips_cpu_32_mul.runs/synth_1/runme.log
[Tue Dec 19 15:14:53 2017] Launched impl_1...
Run output will be captured here: C:/Users/ASROCK/Desktop/mips_cpu_32_mul/mips_cpu_32_mul/mips_cpu_32_mul.runs/impl_1/runme.log
reset_run synth_1
remove_files  C:/Users/ASROCK/Desktop/mips_cpu_32_mul/mips_cpu_32_mul/mips_cpu_32_mul.srcs/sources_1/new/Basys3.v
update_compile_order -fileset sources_1
launch_runs impl_1
[Tue Dec 19 15:16:25 2017] Launched synth_1...
Run output will be captured here: C:/Users/ASROCK/Desktop/mips_cpu_32_mul/mips_cpu_32_mul/mips_cpu_32_mul.runs/synth_1/runme.log
[Tue Dec 19 15:16:25 2017] Launched impl_1...
Run output will be captured here: C:/Users/ASROCK/Desktop/mips_cpu_32_mul/mips_cpu_32_mul/mips_cpu_32_mul.runs/impl_1/runme.log
launch_runs impl_1 -to_step write_bitstream
[Tue Dec 19 15:18:51 2017] Launched impl_1...
Run output will be captured here: C:/Users/ASROCK/Desktop/mips_cpu_32_mul/mips_cpu_32_mul/mips_cpu_32_mul.runs/impl_1/runme.log
open_hw
connect_hw_server
INFO: [Labtools 27-2285] Connecting to hw_server url TCP:localhost:3121
INFO: [Labtools 27-2222] Launching hw_server...
INFO: [Labtools 27-2221] Launch Output:

****** Xilinx hw_server v2016.3
  **** Build date : Oct 10 2016-19:47:06
    ** Copyright 1986-2016 Xilinx, Inc. All Rights Reserved.


open_hw_target
INFO: [Labtoolstcl 44-466] Opening hw_target localhost:3121/xilinx_tcf/Digilent/210183713194A
set_property PROGRAM.FILE {C:/Users/ASROCK/Desktop/mips_cpu_32_mul/mips_cpu_32_mul/mips_cpu_32_mul.runs/impl_1/Basys3.bit} [lindex [get_hw_devices xc7a35t_0] 0]
current_hw_device [lindex [get_hw_devices xc7a35t_0] 0]
refresh_hw_device -update_hw_probes false [lindex [get_hw_devices xc7a35t_0] 0]
INFO: [Labtools 27-1434] Device xc7a35t (JTAG device index = 0) is programmed with a design that has no supported debug core(s) in it.
WARNING: [Labtools 27-3123] The debug hub core was not detected at User Scan Chain 1 or 3.
Resolution: 
1. Make sure the clock connected to the debug hub (dbg_hub) core is a free running clock and is active OR
2. Manually launch hw_server with -e "set xsdb-user-bscan <C_USER_SCAN_CHAIN scan_chain_number>" to detect the debug hub at User Scan Chain of 2 or 4. To determine the user scan chain setting, open the implemented design and use: get_property C_USER_SCAN_CHAIN [get_debug_cores dbg_hub].
set_property PROBES.FILE {} [lindex [get_hw_devices xc7a35t_0] 0]
set_property PROGRAM.FILE {C:/Users/ASROCK/Desktop/mips_cpu_32_mul/mips_cpu_32_mul/mips_cpu_32_mul.runs/impl_1/Basys3.bit} [lindex [get_hw_devices xc7a35t_0] 0]
program_hw_devices [lindex [get_hw_devices xc7a35t_0] 0]
INFO: [Labtools 27-3164] End of startup status: HIGH
refresh_hw_device [lindex [get_hw_devices xc7a35t_0] 0]
INFO: [Labtools 27-1434] Device xc7a35t (JTAG device index = 0) is programmed with a design that has no supported debug core(s) in it.
WARNING: [Labtools 27-3123] The debug hub core was not detected at User Scan Chain 1 or 3.
Resolution: 
1. Make sure the clock connected to the debug hub (dbg_hub) core is a free running clock and is active OR
2. Manually launch hw_server with -e "set xsdb-user-bscan <C_USER_SCAN_CHAIN scan_chain_number>" to detect the debug hub at User Scan Chain of 2 or 4. To determine the user scan chain setting, open the implemented design and use: get_property C_USER_SCAN_CHAIN [get_debug_cores dbg_hub].
ERROR: [Labtools 27-2269] No devices detected on target localhost:3121/xilinx_tcf/Digilent/210183713194A.
Check cable connectivity and that the target board is powered up then
use the disconnect_hw_server and connect_hw_server to re-register this hardware target.
set_property STEPS.WRITE_BITSTREAM.ARGS.BIN_FILE true [get_runs impl_1]
disconnect_hw_server localhost:3121
INFO: [Labtools 27-2285] Connecting to hw_server url TCP:localhost:3121
ERROR: [Labtools 27-2269] No devices detected on target localhost:3121/xilinx_tcf/Digilent/210183713194A.
Check cable connectivity and that the target board is powered up then
use the disconnect_hw_server and connect_hw_server to re-register this hardware target.
disconnect_hw_server localhost:3121
connect_hw_server
INFO: [Labtools 27-2285] Connecting to hw_server url TCP:localhost:3121
open_hw_target
INFO: [Labtoolstcl 44-466] Opening hw_target localhost:3121/xilinx_tcf/Digilent/210183713194A
ERROR: [Labtools 27-2269] No devices detected on target localhost:3121/xilinx_tcf/Digilent/210183713194A.
Check cable connectivity and that the target board is powered up then
use the disconnect_hw_server and connect_hw_server to re-register this hardware target.
ERROR: [Common 17-39] 'open_hw_target' failed due to earlier errors.
reset_run impl_1 -prev_step 
launch_runs impl_1 -to_step write_bitstream
[Tue Dec 19 20:32:27 2017] Launched impl_1...
Run output will be captured here: C:/Users/ASROCK/Desktop/mips_cpu_32_mul/mips_cpu_32_mul/mips_cpu_32_mul.runs/impl_1/runme.log
refresh_hw_target {localhost:3121/xilinx_tcf/Digilent/210183713194A}
ERROR: [Labtools 27-2269] No devices detected on target localhost:3121/xilinx_tcf/Digilent/210183713194A.
Check cable connectivity and that the target board is powered up then
use the disconnect_hw_server and connect_hw_server to re-register this hardware target.
ERROR: [Common 17-39] 'refresh_hw_target' failed due to earlier errors.
close_hw
open_hw
connect_hw_server
INFO: [Labtools 27-2285] Connecting to hw_server url TCP:localhost:3121
open_hw_target
INFO: [Labtoolstcl 44-466] Opening hw_target localhost:3121/xilinx_tcf/Digilent/210183713194A
set_property PROGRAM.FILE {C:/Users/ASROCK/Desktop/mips_cpu_32_mul/mips_cpu_32_mul/mips_cpu_32_mul.runs/impl_1/Basys3.bit} [lindex [get_hw_devices xc7a35t_0] 0]
current_hw_device [lindex [get_hw_devices xc7a35t_0] 0]
refresh_hw_device -update_hw_probes false [lindex [get_hw_devices xc7a35t_0] 0]
INFO: [Labtools 27-1434] Device xc7a35t (JTAG device index = 0) is programmed with a design that has no supported debug core(s) in it.
WARNING: [Labtools 27-3123] The debug hub core was not detected at User Scan Chain 1 or 3.
Resolution: 
1. Make sure the clock connected to the debug hub (dbg_hub) core is a free running clock and is active OR
2. Manually launch hw_server with -e "set xsdb-user-bscan <C_USER_SCAN_CHAIN scan_chain_number>" to detect the debug hub at User Scan Chain of 2 or 4. To determine the user scan chain setting, open the implemented design and use: get_property C_USER_SCAN_CHAIN [get_debug_cores dbg_hub].
create_hw_cfgmem -hw_device [lindex [get_hw_devices] 0] -mem_dev  [lindex [get_cfgmem_parts {s25fl032p-spi-x1_x2_x4}] 0]
set_property PROGRAM.BLANK_CHECK  0 [ get_property PROGRAM.HW_CFGMEM [lindex [get_hw_devices] 0 ]]
set_property PROGRAM.ERASE  1 [ get_property PROGRAM.HW_CFGMEM [lindex [get_hw_devices] 0 ]]
set_property PROGRAM.CFG_PROGRAM  1 [ get_property PROGRAM.HW_CFGMEM [lindex [get_hw_devices] 0 ]]
set_property PROGRAM.VERIFY  1 [ get_property PROGRAM.HW_CFGMEM [lindex [get_hw_devices] 0 ]]
set_property PROGRAM.CHECKSUM  0 [ get_property PROGRAM.HW_CFGMEM [lindex [get_hw_devices] 0 ]]
refresh_hw_device [lindex [get_hw_devices xc7a35t_0] 0]
INFO: [Labtools 27-1434] Device xc7a35t (JTAG device index = 0) is programmed with a design that has no supported debug core(s) in it.
WARNING: [Labtools 27-3123] The debug hub core was not detected at User Scan Chain 1 or 3.
Resolution: 
1. Make sure the clock connected to the debug hub (dbg_hub) core is a free running clock and is active OR
2. Manually launch hw_server with -e "set xsdb-user-bscan <C_USER_SCAN_CHAIN scan_chain_number>" to detect the debug hub at User Scan Chain of 2 or 4. To determine the user scan chain setting, open the implemented design and use: get_property C_USER_SCAN_CHAIN [get_debug_cores dbg_hub].
set_property PROGRAM.ADDRESS_RANGE  {use_file} [ get_property PROGRAM.HW_CFGMEM [lindex [get_hw_devices] 0 ]]
set_property PROGRAM.FILES [list "C:/Users/ASROCK/Desktop/mips_cpu_32_mul/mips_cpu_32_mul/mips_cpu_32_mul.runs/impl_1/Basys3.bin" ] [ get_property PROGRAM.HW_CFGMEM [lindex [get_hw_devices] 0]]
set_property PROGRAM.UNUSED_PIN_TERMINATION {pull-none} [ get_property PROGRAM.HW_CFGMEM [lindex [get_hw_devices] 0 ]]
set_property PROGRAM.BLANK_CHECK  0 [ get_property PROGRAM.HW_CFGMEM [lindex [get_hw_devices] 0 ]]
set_property PROGRAM.ERASE  1 [ get_property PROGRAM.HW_CFGMEM [lindex [get_hw_devices] 0 ]]
set_property PROGRAM.CFG_PROGRAM  1 [ get_property PROGRAM.HW_CFGMEM [lindex [get_hw_devices] 0 ]]
set_property PROGRAM.VERIFY  1 [ get_property PROGRAM.HW_CFGMEM [lindex [get_hw_devices] 0 ]]
set_property PROGRAM.CHECKSUM  0 [ get_property PROGRAM.HW_CFGMEM [lindex [get_hw_devices] 0 ]]
startgroup 
if {![string equal [get_property PROGRAM.HW_CFGMEM_TYPE  [lindex [get_hw_devices] 0]] [get_property MEM_TYPE [get_property CFGMEM_PART [get_property PROGRAM.HW_CFGMEM [lindex [get_hw_devices] 0 ]]]]] }  { create_hw_bitstream -hw_device [lindex [get_hw_devices] 0] [get_property PROGRAM.HW_CFGMEM_BITFILE [ lindex [get_hw_devices] 0]]; program_hw_devices [lindex [get_hw_devices] 0]; }; 
INFO: [Labtools 27-3164] End of startup status: HIGH
program_hw_cfgmem -hw_cfgmem [get_property PROGRAM.HW_CFGMEM [lindex [get_hw_devices] 0 ]]
Mfg ID : 1   Memory Type : 2   Memory Capacity : 15   Device ID 1 : 0   Device ID 2 : 0
Performing Erase Operation...
Erase Operation successful.
Performing Program and Verify Operations...
Program/Verify Operation successful.
INFO: [Labtoolstcl 44-377] Flash programming completed successfully
program_hw_cfgmem: Time (s): cpu = 00:00:01 ; elapsed = 00:00:53 . Memory (MB): peak = 997.836 ; gain = 0.000
endgroup
ERROR: [Labtools 27-2269] No devices detected on target localhost:3121/xilinx_tcf/Digilent/210183713194A.
Check cable connectivity and that the target board is powered up then
use the disconnect_hw_server and connect_hw_server to re-register this hardware target.
ERROR: [Labtoolstcl 44-513] HW Target shutdown. Closing target: localhost:3121/xilinx_tcf/Digilent/210183713194A
INFO: [Labtoolstcl 44-466] Opening hw_target localhost:3121/xilinx_tcf/Digilent/210183713194A
INFO: [Labtools 27-1435] Device xc7a35t (JTAG device index = 0) is not programmed (DONE status = 0).
exit
INFO: [Common 17-206] Exiting Vivado at Tue Dec 19 22:42:32 2017...
