#-----------------------------------------------------------
# Vivado v2016.3 (64-bit)
# SW Build 1682563 on Mon Oct 10 19:07:27 MDT 2016
# IP Build 1681267 on Mon Oct 10 21:28:31 MDT 2016
# Start of session at: Thu Dec 21 17:51:39 2017
# Process ID: 21704
# Current directory: C:/Users/DELL/Desktop/mips_cpu_32_mul/mips_cpu_32_mul/mips_cpu_32_mul
# Command line: vivado.exe -gui_launcher_event rodinguilauncherevent19296 C:\Users\DELL\Desktop\mips_cpu_32_mul\mips_cpu_32_mul\mips_cpu_32_mul\mips_cpu_32_mul.xpr
# Log file: C:/Users/DELL/Desktop/mips_cpu_32_mul/mips_cpu_32_mul/mips_cpu_32_mul/vivado.log
# Journal file: C:/Users/DELL/Desktop/mips_cpu_32_mul/mips_cpu_32_mul/mips_cpu_32_mul\vivado.jou
#-----------------------------------------------------------
start_gui
open_project C:/Users/DELL/Desktop/mips_cpu_32_mul/mips_cpu_32_mul/mips_cpu_32_mul/mips_cpu_32_mul.xpr
INFO: [Project 1-313] Project file moved from 'C:/Users/ASROCK/Desktop/mips_cpu_32_mul/mips_cpu_32_mul' since last save.
Scanning sources...
Finished scanning sources
WARNING: [filemgmt 56-2] IP Output Repository Path: Could not find the directory 'C:/Users/DELL/Desktop/mips_cpu_32_mul/mips_cpu_32_mul/mips_cpu_32_mul/mips_cpu_32_mul.cache/ip', nor could it be found using path 'C:/Users/ASROCK/Desktop/mips_cpu_32_mul/mips_cpu_32_mul/mips_cpu_32_mul.cache/ip'.
INFO: [IP_Flow 19-234] Refreshing IP repositories
INFO: [IP_Flow 19-1704] No user IP repositories specified
INFO: [IP_Flow 19-2313] Loaded Vivado IP repository 'E:/vivado/Vivado/2016.3/data/ip'.
open_project: Time (s): cpu = 00:00:11 ; elapsed = 00:00:06 . Memory (MB): peak = 793.648 ; gain = 120.473
exit
INFO: [Common 17-206] Exiting Vivado at Thu Dec 21 17:52:29 2017...
