#-----------------------------------------------------------
# Vivado v2016.3 (64-bit)
# SW Build 1682563 on Mon Oct 10 19:07:27 MDT 2016
# IP Build 1681267 on Mon Oct 10 21:28:31 MDT 2016
# Start of session at: Fri Dec 22 01:00:32 2017
# Process ID: 6776
# Current directory: C:/Users/DELL/Desktop/ECOP-16337281-03-Basys
# Command line: vivado.exe -gui_launcher_event rodinguilauncherevent16980 C:\Users\DELL\Desktop\ECOP-16337281-03-Basys\mips_cpu_32_mul.xpr
# Log file: C:/Users/DELL/Desktop/ECOP-16337281-03-Basys/vivado.log
# Journal file: C:/Users/DELL/Desktop/ECOP-16337281-03-Basys\vivado.jou
#-----------------------------------------------------------
start_gui
open_project C:/Users/DELL/Desktop/ECOP-16337281-03-Basys/mips_cpu_32_mul.xpr
Scanning sources...
Finished scanning sources
WARNING: [filemgmt 56-3] IP Output Repository Path: Could not find the directory 'C:/Users/DELL/Desktop/ECOP-16337281-03-Basys/mips_cpu_32_mul.cache/ip'.
INFO: [IP_Flow 19-234] Refreshing IP repositories
INFO: [IP_Flow 19-1704] No user IP repositories specified
INFO: [IP_Flow 19-2313] Loaded Vivado IP repository 'E:/vivado/Vivado/2016.3/data/ip'.
open_project: Time (s): cpu = 00:00:10 ; elapsed = 00:00:05 . Memory (MB): peak = 807.809 ; gain = 137.547
exit
INFO: [Common 17-206] Exiting Vivado at Fri Dec 22 01:01:34 2017...
