#-----------------------------------------------------------
# Vivado v2016.3 (64-bit)
# SW Build 1682563 on Mon Oct 10 19:07:27 MDT 2016
# IP Build 1681267 on Mon Oct 10 21:28:31 MDT 2016
# Start of session at: Thu Dec 21 18:51:04 2017
# Process ID: 3784
# Current directory: C:/Users/DELL/Desktop/ECOP-16337281-03-Basys
# Command line: vivado.exe -gui_launcher_event rodinguilauncherevent2840 C:\Users\DELL\Desktop\ECOP-16337281-03-Basys\mips_cpu_32_mul.xpr
# Log file: C:/Users/DELL/Desktop/ECOP-16337281-03-Basys/vivado.log
# Journal file: C:/Users/DELL/Desktop/ECOP-16337281-03-Basys\vivado.jou
#-----------------------------------------------------------
start_gui
open_project C:/Users/DELL/Desktop/ECOP-16337281-03-Basys/mips_cpu_32_mul.xpr
INFO: [Project 1-313] Project file moved from 'C:/Users/DELL/Desktop/mips_cpu_32_mul/mips_cpu_32_mul' since last save.
Scanning sources...
Finished scanning sources
WARNING: [filemgmt 56-2] IP Output Repository Path: Could not find the directory 'C:/Users/DELL/Desktop/ECOP-16337281-03-Basys/mips_cpu_32_mul.cache/ip', nor could it be found using path 'C:/Users/DELL/Desktop/mips_cpu_32_mul/mips_cpu_32_mul/mips_cpu_32_mul.cache/ip'.
INFO: [IP_Flow 19-234] Refreshing IP repositories
INFO: [IP_Flow 19-1704] No user IP repositories specified
INFO: [IP_Flow 19-2313] Loaded Vivado IP repository 'E:/vivado/Vivado/2016.3/data/ip'.
open_project: Time (s): cpu = 00:00:10 ; elapsed = 00:00:05 . Memory (MB): peak = 829.652 ; gain = 167.840
reset_run synth_1
launch_runs synth_1
INFO: [HDL 9-2216] Analyzing Verilog file "C:/Users/DELL/Desktop/ECOP-16337281-03-Basys/mips_cpu_32_mul.srcs/sources_1/new/Basys3.v" into library work [C:/Users/DELL/Desktop/ECOP-16337281-03-Basys/mips_cpu_32_mul.srcs/sources_1/new/Basys3.v:1]
[Thu Dec 21 18:52:10 2017] Launched synth_1...
Run output will be captured here: C:/Users/DELL/Desktop/ECOP-16337281-03-Basys/mips_cpu_32_mul.runs/synth_1/runme.log
launch_runs impl_1
[Thu Dec 21 18:53:15 2017] Launched impl_1...
Run output will be captured here: C:/Users/DELL/Desktop/ECOP-16337281-03-Basys/mips_cpu_32_mul.runs/impl_1/runme.log
launch_runs impl_1 -to_step write_bitstream
[Thu Dec 21 18:55:11 2017] Launched impl_1...
Run output will be captured here: C:/Users/DELL/Desktop/ECOP-16337281-03-Basys/mips_cpu_32_mul.runs/impl_1/runme.log
open_hw
connect_hw_server
INFO: [Labtools 27-2285] Connecting to hw_server url TCP:localhost:3121
INFO: [Labtools 27-2222] Launching hw_server...
INFO: [Labtools 27-2221] Launch Output:

****** Xilinx hw_server v2016.3
  **** Build date : Oct 10 2016-19:47:06
    ** Copyright 1986-2016 Xilinx, Inc. All Rights Reserved.


connect_hw_server: Time (s): cpu = 00:00:01 ; elapsed = 00:00:07 . Memory (MB): peak = 855.422 ; gain = 0.000
open_hw_target
INFO: [Labtoolstcl 44-466] Opening hw_target localhost:3121/xilinx_tcf/Digilent/210183713194A
set_property PROGRAM.FILE {C:/Users/DELL/Desktop/ECOP-16337281-03-Basys/mips_cpu_32_mul.runs/impl_1/Basys3.bit} [lindex [get_hw_devices xc7a35t_0] 0]
current_hw_device [lindex [get_hw_devices xc7a35t_0] 0]
refresh_hw_device -update_hw_probes false [lindex [get_hw_devices xc7a35t_0] 0]
INFO: [Labtools 27-1434] Device xc7a35t (JTAG device index = 0) is programmed with a design that has no supported debug core(s) in it.
WARNING: [Labtools 27-3123] The debug hub core was not detected at User Scan Chain 1 or 3.
Resolution: 
1. Make sure the clock connected to the debug hub (dbg_hub) core is a free running clock and is active OR
2. Manually launch hw_server with -e "set xsdb-user-bscan <C_USER_SCAN_CHAIN scan_chain_number>" to detect the debug hub at User Scan Chain of 2 or 4. To determine the user scan chain setting, open the implemented design and use: get_property C_USER_SCAN_CHAIN [get_debug_cores dbg_hub].
create_hw_cfgmem -hw_device [lindex [get_hw_devices] 0] -mem_dev [lindex [get_cfgmem_parts {s25fl032p-spi-x1_x2_x4}] 0]
set_property PROBES.FILE {} [lindex [get_hw_devices xc7a35t_0] 0]
set_property PROGRAM.FILE {C:/Users/DELL/Desktop/ECOP-16337281-03-Basys/mips_cpu_32_mul.runs/impl_1/Basys3.bit} [lindex [get_hw_devices xc7a35t_0] 0]
program_hw_devices [lindex [get_hw_devices xc7a35t_0] 0]
INFO: [Labtools 27-3164] End of startup status: HIGH
refresh_hw_device [lindex [get_hw_devices xc7a35t_0] 0]
INFO: [Labtools 27-1434] Device xc7a35t (JTAG device index = 0) is programmed with a design that has no supported debug core(s) in it.
WARNING: [Labtools 27-3123] The debug hub core was not detected at User Scan Chain 1 or 3.
Resolution: 
1. Make sure the clock connected to the debug hub (dbg_hub) core is a free running clock and is active OR
2. Manually launch hw_server with -e "set xsdb-user-bscan <C_USER_SCAN_CHAIN scan_chain_number>" to detect the debug hub at User Scan Chain of 2 or 4. To determine the user scan chain setting, open the implemented design and use: get_property C_USER_SCAN_CHAIN [get_debug_cores dbg_hub].
set_property PROBES.FILE {} [lindex [get_hw_devices xc7a35t_0] 0]
set_property PROGRAM.FILE {C:/Users/DELL/Desktop/ECOP-16337281-03-Basys/mips_cpu_32_mul.runs/impl_1/Basys3.bit} [lindex [get_hw_devices xc7a35t_0] 0]
program_hw_devices [lindex [get_hw_devices xc7a35t_0] 0]
INFO: [Labtools 27-3164] End of startup status: HIGH
refresh_hw_device [lindex [get_hw_devices xc7a35t_0] 0]
INFO: [Labtools 27-1434] Device xc7a35t (JTAG device index = 0) is programmed with a design that has no supported debug core(s) in it.
WARNING: [Labtools 27-3123] The debug hub core was not detected at User Scan Chain 1 or 3.
Resolution: 
1. Make sure the clock connected to the debug hub (dbg_hub) core is a free running clock and is active OR
2. Manually launch hw_server with -e "set xsdb-user-bscan <C_USER_SCAN_CHAIN scan_chain_number>" to detect the debug hub at User Scan Chain of 2 or 4. To determine the user scan chain setting, open the implemented design and use: get_property C_USER_SCAN_CHAIN [get_debug_cores dbg_hub].
reset_run synth_1
launch_runs synth_1
INFO: [HDL 9-2216] Analyzing Verilog file "C:/Users/DELL/Desktop/ECOP-16337281-03-Basys/mips_cpu_32_mul.srcs/sources_1/new/Basys3.v" into library work [C:/Users/DELL/Desktop/ECOP-16337281-03-Basys/mips_cpu_32_mul.srcs/sources_1/new/Basys3.v:1]
[Thu Dec 21 19:08:59 2017] Launched synth_1...
Run output will be captured here: C:/Users/DELL/Desktop/ECOP-16337281-03-Basys/mips_cpu_32_mul.runs/synth_1/runme.log
launch_runs impl_1
[Thu Dec 21 19:11:10 2017] Launched impl_1...
Run output will be captured here: C:/Users/DELL/Desktop/ECOP-16337281-03-Basys/mips_cpu_32_mul.runs/impl_1/runme.log
launch_runs impl_1 -to_step write_bitstream
[Thu Dec 21 19:16:23 2017] Launched impl_1...
Run output will be captured here: C:/Users/DELL/Desktop/ECOP-16337281-03-Basys/mips_cpu_32_mul.runs/impl_1/runme.log
set_property PROBES.FILE {} [lindex [get_hw_devices xc7a35t_0] 0]
set_property PROGRAM.FILE {C:/Users/DELL/Desktop/ECOP-16337281-03-Basys/mips_cpu_32_mul.runs/impl_1/Basys3.bit} [lindex [get_hw_devices xc7a35t_0] 0]
program_hw_devices [lindex [get_hw_devices xc7a35t_0] 0]
INFO: [Labtools 27-3164] End of startup status: HIGH
refresh_hw_device [lindex [get_hw_devices xc7a35t_0] 0]
INFO: [Labtools 27-1434] Device xc7a35t (JTAG device index = 0) is programmed with a design that has no supported debug core(s) in it.
WARNING: [Labtools 27-3123] The debug hub core was not detected at User Scan Chain 1 or 3.
Resolution: 
1. Make sure the clock connected to the debug hub (dbg_hub) core is a free running clock and is active OR
2. Manually launch hw_server with -e "set xsdb-user-bscan <C_USER_SCAN_CHAIN scan_chain_number>" to detect the debug hub at User Scan Chain of 2 or 4. To determine the user scan chain setting, open the implemented design and use: get_property C_USER_SCAN_CHAIN [get_debug_cores dbg_hub].
exit
INFO: [Common 17-206] Exiting Vivado at Thu Dec 21 21:20:16 2017...
