#-----------------------------------------------------------
# Vivado v2016.3 (64-bit)
# SW Build 1682563 on Mon Oct 10 19:07:27 MDT 2016
# IP Build 1681267 on Mon Oct 10 21:28:31 MDT 2016
# Start of session at: Fri Nov 24 17:38:50 2017
# Process ID: 7572
# Current directory: F:/computer science/计算机组成原理/实验报告/ECOP-16337281-02/mips_cpu_32basys
# Command line: vivado.exe -gui_launcher_event rodinguilauncherevent780 F:\computer science\计算机组成原理\实验报告\ECOP-16337281-02\mips_cpu_32basys\mips_cpu_32.xpr
# Log file: F:/computer science/计算机组成原理/实验报告/ECOP-16337281-02/mips_cpu_32basys/vivado.log
# Journal file: F:/computer science/计算机组成原理/实验报告/ECOP-16337281-02/mips_cpu_32basys\vivado.jou
#-----------------------------------------------------------
start_gui
open_project {F:/computer science/计算机组成原理/实验报告/ECOP-16337281-02/mips_cpu_32basys/mips_cpu_32.xpr}
INFO: [Project 1-313] Project file moved from 'C:/Users/DELL/Desktop/mips_cpu_32basys' since last save.
Scanning sources...
Finished scanning sources
WARNING: [filemgmt 56-2] IP Output Repository Path: Could not find the directory 'F:/computer science/计算机组成原理/实验报告/ECOP-16337281-02/mips_cpu_32basys/mips_cpu_32.cache/ip', nor could it be found using path 'C:/Users/DELL/Desktop/mips_cpu_32basys/mips_cpu_32.cache/ip'.
INFO: [IP_Flow 19-234] Refreshing IP repositories
INFO: [IP_Flow 19-1704] No user IP repositories specified
INFO: [IP_Flow 19-2313] Loaded Vivado IP repository 'E:/vivado/Vivado/2016.3/data/ip'.
exit
INFO: [Common 17-206] Exiting Vivado at Fri Nov 24 18:13:47 2017...
