Unable to capture context for thread 11880 in process 10776, can not generate back trace
Unable to capture context for thread 11160 in process 10776, can not generate back trace
Unable to capture context for thread 13664 in process 10776, can not generate back trace
Unable to capture context for thread 12716 in process 10776, can not generate back trace
Unable to capture context for thread 9620 in process 10776, can not generate back trace
Unable to capture context for thread 5272 in process 10776, can not generate back trace
Exception at PC 0x00007FFB7F4A3FB8
Exception at PC 0x00007FFB7F4A3FB8
Unable to capture context for thread 6524 in process 10776, can not generate back trace
Unable to capture context for thread 8456 in process 10776, can not generate back trace
Exception at PC 0x00007FFB7F4A3FB8
Unable to capture context for thread 6524 in process 10776, can not generate back trace
Unable to capture context for thread 8456 in process 10776, can not generate back trace
Exception at PC 0x00007FFB17F9BB93
Printing stacktrace...

Exception at PC 0x00007FFB7F4A3FB8
Exception at PC 0x00007FFB7F4A3FB8
Exception at PC 0x00007FFB7F4A3FB8
Exception at PC 0x00007FFB7F4A3FB8
Exception at PC 0x00007FFB7F4A3FB8
Exception at PC 0x00007FFB7F4A3FB8
Exception at PC 0x00007FFB7F4A3FB8
Exception at PC 0x00007FFB7F4A3FB8
Exception at PC 0x00007FFB7F4A3FB8
Exception at PC 0x00007FFB7F4A3FB8
Exception at PC 0x00007FFB7F4A3FB8
Exception at PC 0x00007FFB7F4A3FB8
Exception at PC 0x00007FFB7F4A3FB8
Exception at PC 0x00007FFB7F4A3FB8
Exception at PC 0x00007FFB7F4A3FB8
[0]  [0x00007FFB17F9BB93]
[1]  [0x00007FFB17F9BB93]
[2]  [0x00007FFB17F9B4A1]
[3]  [0x00007FFB17F9B3EF]
[4]  [0x00007FFB17F819FE]
[5]  [0x00007FFB17F80ED1]
[6]  [0x00007FFB17F80D76]
[7]  [0x00007FFB17F279F6]
[8]  [0x00007FFB17F17AFB]
[9]  [0x00007FFB1803E90A]
[10]  [0x00007FFB18059F87]
[11]  [0x00007FFB1805A05F]
[12] (BaseThreadInitThunk+0x14) [0x00007FFB806D1FE4]
[13] (RtlUserThreadStart+0x21) [0x00007FFB82CEEF91]
Done
